[32m[0114 18:29:32 @logger.py:70][0m Argv: cifar10-densenet.py
[32m[0114 18:29:32 @utils.py:98][0m TENSORPACK_DATASET not set, using /home/per-andre/Projects/tensorpack/tensorpack/dataflow/dataset for dataset.
[32m[0114 18:29:32 @cifar.py:34][0m Found cifar10 data in /home/per-andre/Projects/tensorpack/tensorpack/dataflow/dataset/cifar10_data.
[32m[0114 18:29:34 @cifar.py:34][0m Found cifar10 data in /home/per-andre/Projects/tensorpack/tensorpack/dataflow/dataset/cifar10_data.
[32m[0114 18:29:35 @common.py:82][0m conv0 input: [None, 32, 32, 3]
[32m[0114 18:29:35 @common.py:90][0m conv0 output: [None, 32, 32, 16]
[32m[0114 18:29:35 @common.py:82][0m block1/dense_layer.0/conv1 input: [None, 32, 32, 16]
[32m[0114 18:29:35 @common.py:90][0m block1/dense_layer.0/conv1 output: [None, 32, 32, 12]
[32m[0114 18:29:35 @common.py:82][0m block1/dense_layer.1/conv1 input: [None, 32, 32, 28]
[32m[0114 18:29:35 @common.py:90][0m block1/dense_layer.1/conv1 output: [None, 32, 32, 12]
[32m[0114 18:29:35 @common.py:82][0m block1/dense_layer.2/conv1 input: [None, 32, 32, 40]
[32m[0114 18:29:35 @common.py:90][0m block1/dense_layer.2/conv1 output: [None, 32, 32, 12]
[32m[0114 18:29:35 @common.py:82][0m block1/dense_layer.3/conv1 input: [None, 32, 32, 52]
[32m[0114 18:29:35 @common.py:90][0m block1/dense_layer.3/conv1 output: [None, 32, 32, 12]
[32m[0114 18:29:35 @common.py:82][0m block1/dense_layer.4/conv1 input: [None, 32, 32, 64]
[32m[0114 18:29:35 @common.py:90][0m block1/dense_layer.4/conv1 output: [None, 32, 32, 12]
[32m[0114 18:29:35 @common.py:82][0m block1/dense_layer.5/conv1 input: [None, 32, 32, 76]
[32m[0114 18:29:35 @common.py:90][0m block1/dense_layer.5/conv1 output: [None, 32, 32, 12]
[32m[0114 18:29:35 @common.py:82][0m block1/dense_layer.6/conv1 input: [None, 32, 32, 88]
[32m[0114 18:29:35 @common.py:90][0m block1/dense_layer.6/conv1 output: [None, 32, 32, 12]
[32m[0114 18:29:35 @common.py:82][0m block1/dense_layer.7/conv1 input: [None, 32, 32, 100]
[32m[0114 18:29:35 @common.py:90][0m block1/dense_layer.7/conv1 output: [None, 32, 32, 12]
[32m[0114 18:29:35 @common.py:82][0m block1/dense_layer.8/conv1 input: [None, 32, 32, 112]
[32m[0114 18:29:35 @common.py:90][0m block1/dense_layer.8/conv1 output: [None, 32, 32, 12]
[32m[0114 18:29:35 @common.py:82][0m block1/dense_layer.9/conv1 input: [None, 32, 32, 124]
[32m[0114 18:29:35 @common.py:90][0m block1/dense_layer.9/conv1 output: [None, 32, 32, 12]
[32m[0114 18:29:35 @common.py:82][0m block1/dense_layer.10/conv1 input: [None, 32, 32, 136]
[32m[0114 18:29:35 @common.py:90][0m block1/dense_layer.10/conv1 output: [None, 32, 32, 12]
[32m[0114 18:29:35 @common.py:82][0m block1/dense_layer.11/conv1 input: [None, 32, 32, 148]
[32m[0114 18:29:35 @common.py:90][0m block1/dense_layer.11/conv1 output: [None, 32, 32, 12]
