[32m[0114 18:30:16 @logger.py:70][0m Argv: cifar10-densenet.py
[32m[0114 18:30:16 @utils.py:98][0m TENSORPACK_DATASET not set, using /home/per-andre/Projects/tensorpack/tensorpack/dataflow/dataset for dataset.
[32m[0114 18:30:16 @cifar.py:34][0m Found cifar10 data in /home/per-andre/Projects/tensorpack/tensorpack/dataflow/dataset/cifar10_data.
[32m[0114 18:30:17 @cifar.py:34][0m Found cifar10 data in /home/per-andre/Projects/tensorpack/tensorpack/dataflow/dataset/cifar10_data.
[32m[0114 18:30:18 @common.py:82][0m conv0 input: [None, 32, 32, 3]
[32m[0114 18:30:18 @common.py:90][0m conv0 output: [None, 32, 32, 16]
[32m[0114 18:30:18 @common.py:82][0m block1/dense_layer.0/conv1 input: [None, 32, 32, 16]
[32m[0114 18:30:18 @common.py:90][0m block1/dense_layer.0/conv1 output: [None, 32, 32, 12]
[32m[0114 18:30:18 @common.py:82][0m block1/dense_layer.1/conv1 input: [None, 32, 32, 28]
[32m[0114 18:30:18 @common.py:90][0m block1/dense_layer.1/conv1 output: [None, 32, 32, 12]
[32m[0114 18:30:18 @common.py:82][0m block1/dense_layer.2/conv1 input: [None, 32, 32, 40]
[32m[0114 18:30:18 @common.py:90][0m block1/dense_layer.2/conv1 output: [None, 32, 32, 12]
[32m[0114 18:30:19 @common.py:82][0m block1/dense_layer.3/conv1 input: [None, 32, 32, 52]
[32m[0114 18:30:19 @common.py:90][0m block1/dense_layer.3/conv1 output: [None, 32, 32, 12]
[32m[0114 18:30:19 @common.py:82][0m block1/dense_layer.4/conv1 input: [None, 32, 32, 64]
[32m[0114 18:30:19 @common.py:90][0m block1/dense_layer.4/conv1 output: [None, 32, 32, 12]
[32m[0114 18:30:19 @common.py:82][0m block1/dense_layer.5/conv1 input: [None, 32, 32, 76]
[32m[0114 18:30:19 @common.py:90][0m block1/dense_layer.5/conv1 output: [None, 32, 32, 12]
[32m[0114 18:30:19 @common.py:82][0m block1/dense_layer.6/conv1 input: [None, 32, 32, 88]
[32m[0114 18:30:19 @common.py:90][0m block1/dense_layer.6/conv1 output: [None, 32, 32, 12]
[32m[0114 18:30:19 @common.py:82][0m block1/dense_layer.7/conv1 input: [None, 32, 32, 100]
[32m[0114 18:30:19 @common.py:90][0m block1/dense_layer.7/conv1 output: [None, 32, 32, 12]
[32m[0114 18:30:19 @common.py:82][0m block1/dense_layer.8/conv1 input: [None, 32, 32, 112]
[32m[0114 18:30:19 @common.py:90][0m block1/dense_layer.8/conv1 output: [None, 32, 32, 12]
[32m[0114 18:30:19 @common.py:82][0m block1/dense_layer.9/conv1 input: [None, 32, 32, 124]
[32m[0114 18:30:19 @common.py:90][0m block1/dense_layer.9/conv1 output: [None, 32, 32, 12]
[32m[0114 18:30:19 @common.py:82][0m block1/dense_layer.10/conv1 input: [None, 32, 32, 136]
[32m[0114 18:30:19 @common.py:90][0m block1/dense_layer.10/conv1 output: [None, 32, 32, 12]
[32m[0114 18:30:19 @common.py:82][0m block1/dense_layer.11/conv1 input: [None, 32, 32, 148]
[32m[0114 18:30:19 @common.py:90][0m block1/dense_layer.11/conv1 output: [None, 32, 32, 12]
[32m[0114 18:30:19 @common.py:82][0m block1/transition1/conv1 input: [None, 32, 32, 160]
[32m[0114 18:30:19 @common.py:90][0m block1/transition1/conv1 output: [None, 32, 32, 160]
[32m[0114 18:30:19 @common.py:82][0m block1/transition1/pool input: [None, 32, 32, 160]
[32m[0114 18:30:19 @common.py:90][0m block1/transition1/pool output: [None, 16, 16, 160]
[32m[0114 18:30:19 @common.py:82][0m block2/dense_layer.0/conv1 input: [None, 16, 16, 160]
[32m[0114 18:30:19 @common.py:90][0m block2/dense_layer.0/conv1 output: [None, 16, 16, 12]
[32m[0114 18:30:19 @common.py:82][0m block2/dense_layer.1/conv1 input: [None, 16, 16, 172]
[32m[0114 18:30:19 @common.py:90][0m block2/dense_layer.1/conv1 output: [None, 16, 16, 12]
[32m[0114 18:30:19 @common.py:82][0m block2/dense_layer.2/conv1 input: [None, 16, 16, 184]
[32m[0114 18:30:19 @common.py:90][0m block2/dense_layer.2/conv1 output: [None, 16, 16, 12]
[32m[0114 18:30:19 @common.py:82][0m block2/dense_layer.3/conv1 input: [None, 16, 16, 196]
[32m[0114 18:30:19 @common.py:90][0m block2/dense_layer.3/conv1 output: [None, 16, 16, 12]
[32m[0114 18:30:19 @common.py:82][0m block2/dense_layer.4/conv1 input: [None, 16, 16, 208]
[32m[0114 18:30:19 @common.py:90][0m block2/dense_layer.4/conv1 output: [None, 16, 16, 12]
[32m[0114 18:30:19 @common.py:82][0m block2/dense_layer.5/conv1 input: [None, 16, 16, 220]
[32m[0114 18:30:19 @common.py:90][0m block2/dense_layer.5/conv1 output: [None, 16, 16, 12]
[32m[0114 18:30:19 @common.py:82][0m block2/dense_layer.6/conv1 input: [None, 16, 16, 232]
[32m[0114 18:30:19 @common.py:90][0m block2/dense_layer.6/conv1 output: [None, 16, 16, 12]
[32m[0114 18:30:19 @common.py:82][0m block2/dense_layer.7/conv1 input: [None, 16, 16, 244]
[32m[0114 18:30:19 @common.py:90][0m block2/dense_layer.7/conv1 output: [None, 16, 16, 12]
[32m[0114 18:30:19 @common.py:82][0m block2/dense_layer.8/conv1 input: [None, 16, 16, 256]
[32m[0114 18:30:19 @common.py:90][0m block2/dense_layer.8/conv1 output: [None, 16, 16, 12]
[32m[0114 18:30:19 @common.py:82][0m block2/dense_layer.9/conv1 input: [None, 16, 16, 268]
[32m[0114 18:30:19 @common.py:90][0m block2/dense_layer.9/conv1 output: [None, 16, 16, 12]
[32m[0114 18:30:19 @common.py:82][0m block2/dense_layer.10/conv1 input: [None, 16, 16, 280]
[32m[0114 18:30:20 @common.py:90][0m block2/dense_layer.10/conv1 output: [None, 16, 16, 12]
[32m[0114 18:30:20 @common.py:82][0m block2/dense_layer.11/conv1 input: [None, 16, 16, 292]
[32m[0114 18:30:20 @common.py:90][0m block2/dense_layer.11/conv1 output: [None, 16, 16, 12]
[32m[0114 18:30:20 @common.py:82][0m block2/transition2/conv1 input: [None, 16, 16, 304]
[32m[0114 18:30:20 @common.py:90][0m block2/transition2/conv1 output: [None, 16, 16, 304]
[32m[0114 18:30:20 @common.py:82][0m block2/transition2/pool input: [None, 16, 16, 304]
[32m[0114 18:30:20 @common.py:90][0m block2/transition2/pool output: [None, 8, 8, 304]
[32m[0114 18:30:20 @common.py:82][0m block3/dense_layer.0/conv1 input: [None, 8, 8, 304]
[32m[0114 18:30:20 @common.py:90][0m block3/dense_layer.0/conv1 output: [None, 8, 8, 12]
[32m[0114 18:30:20 @common.py:82][0m block3/dense_layer.1/conv1 input: [None, 8, 8, 316]
[32m[0114 18:30:20 @common.py:90][0m block3/dense_layer.1/conv1 output: [None, 8, 8, 12]
[32m[0114 18:30:20 @common.py:82][0m block3/dense_layer.2/conv1 input: [None, 8, 8, 328]
[32m[0114 18:30:20 @common.py:90][0m block3/dense_layer.2/conv1 output: [None, 8, 8, 12]
[32m[0114 18:30:20 @common.py:82][0m block3/dense_layer.3/conv1 input: [None, 8, 8, 340]
[32m[0114 18:30:20 @common.py:90][0m block3/dense_layer.3/conv1 output: [None, 8, 8, 12]
[32m[0114 18:30:20 @common.py:82][0m block3/dense_layer.4/conv1 input: [None, 8, 8, 352]
[32m[0114 18:30:20 @common.py:90][0m block3/dense_layer.4/conv1 output: [None, 8, 8, 12]
[32m[0114 18:30:20 @common.py:82][0m block3/dense_layer.5/conv1 input: [None, 8, 8, 364]
[32m[0114 18:30:20 @common.py:90][0m block3/dense_layer.5/conv1 output: [None, 8, 8, 12]
[32m[0114 18:30:20 @common.py:82][0m block3/dense_layer.6/conv1 input: [None, 8, 8, 376]
[32m[0114 18:30:20 @common.py:90][0m block3/dense_layer.6/conv1 output: [None, 8, 8, 12]
[32m[0114 18:30:20 @common.py:82][0m block3/dense_layer.7/conv1 input: [None, 8, 8, 388]
[32m[0114 18:30:20 @common.py:90][0m block3/dense_layer.7/conv1 output: [None, 8, 8, 12]
[32m[0114 18:30:20 @common.py:82][0m block3/dense_layer.8/conv1 input: [None, 8, 8, 400]
[32m[0114 18:30:20 @common.py:90][0m block3/dense_layer.8/conv1 output: [None, 8, 8, 12]
[32m[0114 18:30:20 @common.py:82][0m block3/dense_layer.9/conv1 input: [None, 8, 8, 412]
[32m[0114 18:30:20 @common.py:90][0m block3/dense_layer.9/conv1 output: [None, 8, 8, 12]
[32m[0114 18:30:20 @common.py:82][0m block3/dense_layer.10/conv1 input: [None, 8, 8, 424]
[32m[0114 18:30:20 @common.py:90][0m block3/dense_layer.10/conv1 output: [None, 8, 8, 12]
[32m[0114 18:30:20 @common.py:82][0m block3/dense_layer.11/conv1 input: [None, 8, 8, 436]
[32m[0114 18:30:20 @common.py:90][0m block3/dense_layer.11/conv1 output: [None, 8, 8, 12]
[32m[0114 18:30:20 @common.py:82][0m gap input: [None, 8, 8, 448]
[32m[0114 18:30:20 @common.py:90][0m gap output: [None, 448]
[32m[0114 18:30:20 @common.py:82][0m linear input: [None, 448]
[32m[0114 18:30:20 @common.py:90][0m linear output: [None, 10]
